2025-12-16 16:25:44.030113 (46145) main____ INFO    ----------------------------------------
2025-12-16 16:25:44.030284 (46145) main____ INFO    Jasper version info
2025-12-16 16:25:44.030291 (46145) main____ INFO      tool      : Jasper 2024.03
2025-12-16 16:25:44.030295 (46145) main____ INFO      version   : 2024.03 FCS 64 bits
2025-12-16 16:25:44.030299 (46145) main____ INFO      build date: 2024.03.27 15:42:27 UTC
2025-12-16 16:25:44.030301 (46145) main____ INFO    ----------------------------------------
2025-12-16 16:25:44.030303 (46145) main____ INFO    Runtime info:
2025-12-16 16:25:44.030305 (46145) main____ INFO      platform  : Linux 6.17.9-arch1-1 x86_64
2025-12-16 16:25:44.030311 (46145) main____ INFO      hostname  : mashina
2025-12-16 16:25:44.030315 (46145) main____ INFO      pid       : 46145
2025-12-16 16:25:44.030317 (46145) main____ INFO      arguments : '-style' 'windows' '-allow_unsupported_OS' '-allow_unsupported_OS' 'axi_led_formal_tc.tcl'
2025-12-16 16:25:44.030320 (46145) main____ INFO      locale    : ANSI_X3.4-1968
2025-12-16 16:25:44.030322 (46145) main____ INFO    ----------------------------------------
2025-12-16 16:25:44.030324 (46145) main____ INFO    System resource limits info:
2025-12-16 16:25:44.030327 (46145) main____ INFO      virtual memory: unlimited
2025-12-16 16:25:44.030330 (46145) main____ INFO      cpu time      : unlimited
2025-12-16 16:25:44.030334 (46145) main____ INFO      processes     : 126486
2025-12-16 16:25:44.030340 (46145) main____ INFO      stack size    : 8388608 B
2025-12-16 16:25:44.030343 (46145) main____ INFO      core file size: unlimited
2025-12-16 16:25:44.030346 (46145) main____ INFO      open files    : 1024
2025-12-16 16:25:44.030348 (46145) main____ INFO      file size     : unlimited
2025-12-16 16:25:44.030350 (46145) main____ INFO    ----------------------------------------
2025-12-16 16:25:44.030352 (46145) main____ INFO    Memory statistics:
2025-12-16 16:25:44.030355 (46145) main____ INFO      total physical memory  : 32792528 kB
2025-12-16 16:25:44.030357 (46145) main____ INFO      free physical memory   : 17738072 kB
2025-12-16 16:25:44.030360 (46145) main____ INFO      committed address space: 17553828 kB
2025-12-16 16:25:44.030361 (46145) main____ INFO    ----------------------------------------
2025-12-16 16:25:44.030985 (46145) main____ INFO    Important environment variables:
2025-12-16 16:25:44.030996 (46145) main____ INFO      CDS_AUTO_32BIT     : 'NONE'
2025-12-16 16:25:44.030999 (46145) main____ INFO      CDS_AUTO_64BIT     : 'ALL'
2025-12-16 16:25:44.031002 (46145) main____ INFO      CDS_INST_DIR       : '/ssd1/eda/cadence/xcelium_24_03_001'
2025-12-16 16:25:44.031005 (46145) main____ INFO      CDS_LICENSE_DIR    : '/ssd1/eda/cadence/license'
2025-12-16 16:25:44.031008 (46145) main____ INFO      CDS_LIC_FILE       : '/ssd1/eda/cadence/license/license.dat'
2025-12-16 16:25:44.031011 (46145) main____ INFO      CDS_LIC_ONLY       : '1'
2025-12-16 16:25:44.031014 (46145) main____ INFO      DISPLAY            : ':0'
2025-12-16 16:25:44.031017 (46145) main____ INFO      EDITOR             : 'nvim'
2025-12-16 16:25:44.031019 (46145) main____ INFO      JASPER_INSTALL_DIR : '/ssd1/eda/cadence/jasper_2024.03'
2025-12-16 16:25:44.031022 (46145) main____ INFO      JASPER_KERNEL_CHECK: '1'
2025-12-16 16:25:44.031025 (46145) main____ INFO      JASPER_OS_CHECK    : '0'
2025-12-16 16:25:44.031027 (46145) main____ INFO      LANG               : 'C'
2025-12-16 16:25:44.031030 (46145) main____ INFO      LC_MEASUREMENT     : 'hr_HR.UTF-8'
2025-12-16 16:25:44.031033 (46145) main____ INFO      LC_MONETARY        : 'hr_HR.UTF-8'
2025-12-16 16:25:44.031035 (46145) main____ INFO      LC_NUMERIC         : 'hr_HR.UTF-8'
2025-12-16 16:25:44.031038 (46145) main____ INFO      LC_PAPER           : 'hr_HR.UTF-8'
2025-12-16 16:25:44.031040 (46145) main____ INFO      LC_TIME            : 'hr_HR.UTF-8'
2025-12-16 16:25:44.031043 (46145) main____ INFO      LM_LICENSE_FILE    : '/ssd1/eda/cadence/license/license.dat'
2025-12-16 16:25:44.031045 (46145) main____ INFO    ----------------------------------------
2025-12-16 16:25:44.032147 (46145) lic_core INFO    Initializing license system ...
2025-12-16 16:25:44.039023 (46145) lic_core INFO    ... license system initialized.
2025-12-16 16:25:44.044280 (46145) lic__man INFO    Claim 'main' for <ui>.
2025-12-16 16:25:44.044304 (46145) lic_core INFO    (1) checking out 'jasper_interactive' ...
2025-12-16 16:25:44.170787 (46145) lic_core INFO    ... (1) checkout succeeded
2025-12-16 16:25:44.170821 (46145) lic__man INFO    Claim 'fpv' for <ui>.
2025-12-16 16:25:44.170832 (46145) lic_core INFO    (2) checking out 'jasper_fpv' ...
2025-12-16 16:25:44.292587 (46145) lic_core INFO    ... (2) checkout succeeded
2025-12-16 16:25:44.298554 (46145) main____ INFO    Tool inactivity delay is 480000 ms.
2025-12-16 16:25:44.847880 (46145) lic__man INFO    Claim 'fpv' for <ui>.
2025-12-16 16:25:45.026861 (46145) lic__man INFO    Unclaim 'fpv' for <ui>.
2025-12-16 16:25:45.026894 (46145) lic__man INFO    Claim 'fpv' for <ui>.
2025-12-16 16:25:45.030428 (46145) session_ INFO    Starting analysis session with session id 'session_0' (launcher: <local>) ...
2025-12-16 16:25:45.032374 (46145) session_ INFO    Analysis session with session id 'session_0' started (pid: 46237)
2025-12-16 16:25:46.629457 (46145) session_ INFO    Analysis session 'session_0' connected to the console (host: 127.0.0.1:51102)
2025-12-16 16:25:46.911368 (46145) main____ INFO    Releasing console memory by request of analysis session 'session_0'.
2025-12-16 16:25:46.911773 (46145) lic__man INFO    Unclaim everything for 'session_0'.
2025-12-16 16:26:11.082684 (46145) main____ INFO    Releasing console memory by request of analysis session 'session_0'.
2025-12-16 16:26:11.083266 (46145) lic__man INFO    Unclaim everything for 'session_0'.
2025-12-16 16:27:16.325553 (46145) main____ INFO    Releasing console memory by request of analysis session 'session_0'.
2025-12-16 16:27:16.325987 (46145) lic__man INFO    Unclaim everything for 'session_0'.
2025-12-16 16:27:53.937609 (46145) main____ INFO    Releasing console memory by request of analysis session 'session_0'.
2025-12-16 16:27:53.937952 (46145) lic__man INFO    Unclaim everything for 'session_0'.
2025-12-16 16:28:13.991523 (46145) main____ INFO    Releasing console memory by request of analysis session 'session_0'.
2025-12-16 16:28:13.991549 (46145) lic__man INFO    Unclaim everything for 'session_0'.
2025-12-16 16:28:24.846164 (46145) main____ INFO    Releasing console memory by request of analysis session 'session_0'.
2025-12-16 16:28:24.846186 (46145) lic__man INFO    Unclaim everything for 'session_0'.
2025-12-16 16:29:24.988337 (46145) main____ INFO    Releasing console memory by request of analysis session 'session_0'.
2025-12-16 16:29:24.988616 (46145) lic__man INFO    Unclaim everything for 'session_0'.
2025-12-16 16:29:25.449493 (46145) lic__man INFO    Unclaim everything for 'session_0'.
2025-12-16 16:30:45.807112 (46145) main____ INFO    Releasing console memory by request of analysis session 'session_0'.
2025-12-16 16:30:45.807208 (46145) lic__man INFO    Unclaim everything for 'session_0'.
2025-12-16 16:30:46.166974 (46145) lic__man INFO    Unclaim everything for 'session_0'.
2025-12-16 16:31:10.842179 (46145) main____ INFO    Releasing console memory by request of analysis session 'session_0'.
2025-12-16 16:31:10.842301 (46145) lic__man INFO    Unclaim everything for 'session_0'.
2025-12-16 16:31:11.185627 (46145) lic__man INFO    Unclaim everything for 'session_0'.
2025-12-16 16:31:15.276609 (46145) lic__man INFO    Claim 'fpv' for 'session_0'.
2025-12-16 16:31:15.276633 (46145) lic__man INFO    Claim 'fpv' for 'session_0/prove-0'.
2025-12-16 16:31:16.018820 (46145) lic__man INFO    Unclaim everything for 'session_0/prove-0'.
2025-12-16 16:31:18.704818 (46145) lic__man INFO    Claim 'fpv' for 'session_0'.
2025-12-16 16:31:40.223751 (46145) main____ INFO    Releasing console memory by request of analysis session 'session_0'.
2025-12-16 16:31:40.227459 (46145) lic__man INFO    Unclaim everything for 'session_0'.
2025-12-16 16:31:40.844438 (46145) lic__man INFO    Unclaim everything for 'session_0'.
2025-12-16 16:31:42.197960 (46145) lic__man INFO    Claim 'fpv' for 'session_0'.
2025-12-16 16:31:42.197989 (46145) lic__man INFO    Claim 'fpv' for 'session_0/prove-0'.
2025-12-16 16:31:42.913828 (46145) lic__man INFO    Unclaim everything for 'session_0/prove-0'.
2025-12-16 16:31:43.641937 (46145) lic__man INFO    Claim 'fpv' for 'session_0'.
2025-12-16 16:33:10.996307 (46145) main____ INFO    Releasing console memory by request of analysis session 'session_0'.
2025-12-16 16:33:10.996390 (46145) lic__man INFO    Unclaim everything for 'session_0'.
2025-12-16 16:33:11.565914 (46145) lic__man INFO    Unclaim everything for 'session_0'.
2025-12-16 16:33:14.649242 (46145) lic__man INFO    Claim 'fpv' for 'session_0'.
2025-12-16 16:33:14.649274 (46145) lic__man INFO    Claim 'fpv' for 'session_0/prove-0'.
2025-12-16 16:33:15.368473 (46145) lic__man INFO    Unclaim everything for 'session_0/prove-0'.
2025-12-16 16:33:15.880292 (46145) lic__man INFO    Claim 'fpv' for 'session_0'.
2025-12-16 16:47:56.945430 (46145) lic__man INFO    Entering idle state.
2025-12-16 17:04:41.944321 (46145) lic__man INFO    Leaving idle state.
2025-12-16 17:14:56.944654 (46145) lic__man INFO    Entering idle state.
2025-12-16 17:17:07.333847 (46145) lic__man INFO    Leaving idle state.
2025-12-16 17:17:07.654781 (46145) main____ INFO    Releasing console memory by request of analysis session 'session_0'.
2025-12-16 17:17:07.654937 (46145) lic__man INFO    Unclaim everything for 'session_0'.
2025-12-16 17:17:08.218733 (46145) lic__man INFO    Unclaim everything for 'session_0'.
2025-12-16 17:17:10.592305 (46145) lic__man INFO    Claim 'fpv' for 'session_0'.
2025-12-16 17:17:10.592331 (46145) lic__man INFO    Claim 'fpv' for 'session_0/prove-0'.
2025-12-16 17:17:11.311631 (46145) lic__man INFO    Unclaim everything for 'session_0/prove-0'.
2025-12-16 17:17:12.046011 (46145) lic__man INFO    Claim 'fpv' for 'session_0'.
2025-12-16 17:25:26.663720 (46145) main____ INFO    Releasing console memory by request of analysis session 'session_0'.
2025-12-16 17:25:26.668717 (46145) lic__man INFO    Unclaim everything for 'session_0'.
2025-12-16 17:25:41.660361 (46145) main____ INFO    Releasing console memory by request of analysis session 'session_0'.
2025-12-16 17:25:41.660538 (46145) lic__man INFO    Unclaim everything for 'session_0'.
2025-12-16 17:25:53.725329 (46145) main____ INFO    Releasing console memory by request of analysis session 'session_0'.
2025-12-16 17:25:53.725401 (46145) lic__man INFO    Unclaim everything for 'session_0'.
2025-12-16 17:25:54.311041 (46145) lic__man INFO    Unclaim everything for 'session_0'.
2025-12-16 17:25:57.469753 (46145) lic__man INFO    Claim 'fpv' for 'session_0'.
2025-12-16 17:25:57.469777 (46145) lic__man INFO    Claim 'fpv' for 'session_0/prove-0'.
2025-12-16 17:25:58.210762 (46145) lic__man INFO    Unclaim everything for 'session_0/prove-0'.
2025-12-16 17:26:00.125781 (46145) lic__man INFO    Claim 'fpv' for 'session_0'.
2025-12-16 17:27:19.190386 (46145) main____ INFO    Releasing console memory by request of analysis session 'session_0'.
2025-12-16 17:27:19.190538 (46145) lic__man INFO    Unclaim everything for 'session_0'.
2025-12-16 17:27:28.736058 (46145) main____ INFO    Releasing console memory by request of analysis session 'session_0'.
2025-12-16 17:27:28.736076 (46145) lic__man INFO    Unclaim everything for 'session_0'.
2025-12-16 17:27:29.320494 (46145) lic__man INFO    Unclaim everything for 'session_0'.
2025-12-16 17:27:31.147489 (46145) lic__man INFO    Claim 'fpv' for 'session_0'.
2025-12-16 17:27:31.147521 (46145) lic__man INFO    Claim 'fpv' for 'session_0/prove-0'.
2025-12-16 17:27:31.823809 (46145) lic__man INFO    Unclaim everything for 'session_0/prove-0'.
2025-12-16 17:27:32.835890 (46145) lic__man INFO    Claim 'fpv' for 'session_0'.
2025-12-16 17:39:33.946029 (46145) lic__man INFO    Entering idle state.
2025-12-16 19:34:05.340978 (46145) lic__man INFO    Leaving idle state.
2025-12-16 19:34:05.677033 (46145) main____ INFO    Releasing console memory by request of analysis session 'session_0'.
2025-12-16 19:34:05.678642 (46145) lic__man INFO    Unclaim everything for 'session_0'.
2025-12-16 19:34:33.996222 (46145) main____ INFO    Releasing console memory by request of analysis session 'session_0'.
2025-12-16 19:34:33.996293 (46145) lic__man INFO    Unclaim everything for 'session_0'.
2025-12-16 19:34:34.593209 (46145) lic__man INFO    Unclaim everything for 'session_0'.
2025-12-16 19:34:40.089792 (46145) lic__man INFO    Claim 'fpv' for 'session_0'.
2025-12-16 19:34:40.089825 (46145) lic__man INFO    Claim 'fpv' for 'session_0/prove-0'.
2025-12-16 19:34:40.781807 (46145) lic__man INFO    Unclaim everything for 'session_0/prove-0'.
2025-12-16 19:34:41.877076 (46145) lic__man INFO    Claim 'fpv' for 'session_0'.
2025-12-16 19:35:49.879624 (46145) main____ INFO    Releasing console memory by request of analysis session 'session_0'.
2025-12-16 19:35:49.879676 (46145) lic__man INFO    Unclaim everything for 'session_0'.
2025-12-16 19:35:50.444408 (46145) lic__man INFO    Unclaim everything for 'session_0'.
2025-12-16 19:35:52.275643 (46145) lic__man INFO    Claim 'fpv' for 'session_0'.
2025-12-16 19:35:52.275668 (46145) lic__man INFO    Claim 'fpv' for 'session_0/prove-0'.
2025-12-16 19:35:52.999457 (46145) lic__man INFO    Unclaim everything for 'session_0/prove-0'.
2025-12-16 19:36:04.997319 (46145) lic__man INFO    Claim 'fpv' for 'session_0'.
2025-12-16 19:46:01.941517 (46145) lic__man INFO    Entering idle state.
2025-12-16 20:12:11.175040 (46145) lic__man INFO    Leaving idle state.
2025-12-16 20:12:11.498745 (46145) main____ INFO    Releasing console memory by request of analysis session 'session_0'.
2025-12-16 20:12:11.498804 (46145) lic__man INFO    Unclaim everything for 'session_0'.
2025-12-16 20:12:22.693475 (46145) main____ INFO    Releasing console memory by request of analysis session 'session_0'.
2025-12-16 20:12:22.693570 (46145) lic__man INFO    Unclaim everything for 'session_0'.
2025-12-16 20:12:40.793997 (46145) main____ INFO    Releasing console memory by request of analysis session 'session_0'.
2025-12-16 20:12:40.794037 (46145) lic__man INFO    Unclaim everything for 'session_0'.
2025-12-16 20:12:59.934559 (46145) main____ INFO    Releasing console memory by request of analysis session 'session_0'.
2025-12-16 20:12:59.934666 (46145) lic__man INFO    Unclaim everything for 'session_0'.
2025-12-16 20:13:00.587508 (46145) lic__man INFO    Unclaim everything for 'session_0'.
2025-12-16 20:13:02.769418 (46145) lic__man INFO    Claim 'fpv' for 'session_0'.
2025-12-16 20:13:02.769439 (46145) lic__man INFO    Claim 'fpv' for 'session_0/prove-0'.
2025-12-16 20:13:03.503114 (46145) lic__man INFO    Unclaim everything for 'session_0/prove-0'.
2025-12-16 20:13:04.180213 (46145) lic__man INFO    Claim 'fpv' for 'session_0'.
2025-12-16 20:15:53.474725 (46145) main____ INFO    Releasing console memory by request of analysis session 'session_0'.
2025-12-16 20:15:53.474863 (46145) lic__man INFO    Unclaim everything for 'session_0'.
2025-12-16 20:15:54.073094 (46145) lic__man INFO    Unclaim everything for 'session_0'.
2025-12-16 20:15:55.962172 (46145) lic__man INFO    Claim 'fpv' for 'session_0'.
2025-12-16 20:15:55.962215 (46145) lic__man INFO    Claim 'fpv' for 'session_0/prove-0'.
2025-12-16 20:15:56.711339 (46145) lic__man INFO    Unclaim everything for 'session_0/prove-0'.
2025-12-16 20:15:59.728426 (46145) lic__man INFO    Claim 'fpv' for 'session_0'.
2025-12-16 20:21:19.073091 (46145) main____ INFO    Releasing console memory by request of analysis session 'session_0'.
2025-12-16 20:21:19.073138 (46145) lic__man INFO    Unclaim everything for 'session_0'.
2025-12-16 20:21:20.911381 (46145) main____ INFO    Releasing console memory by request of analysis session 'session_0'.
2025-12-16 20:21:20.911457 (46145) lic__man INFO    Unclaim everything for 'session_0'.
2025-12-16 20:21:37.912579 (46145) main____ INFO    Releasing console memory by request of analysis session 'session_0'.
2025-12-16 20:21:37.914390 (46145) lic__man INFO    Unclaim everything for 'session_0'.
2025-12-16 20:21:38.562819 (46145) lic__man INFO    Unclaim everything for 'session_0'.
2025-12-16 20:21:40.490322 (46145) lic__man INFO    Claim 'fpv' for 'session_0'.
2025-12-16 20:21:40.490365 (46145) lic__man INFO    Claim 'fpv' for 'session_0/prove-0'.
2025-12-16 20:21:41.237225 (46145) lic__man INFO    Unclaim everything for 'session_0/prove-0'.
2025-12-16 20:29:40.946010 (46145) lic__man INFO    Entering idle state.
2025-12-16 20:36:01.837342 (46145) lic__man INFO    Leaving idle state.
2025-12-16 20:36:02.083381 (46145) main____ INFO    Releasing console memory by request of analysis session 'session_0'.
2025-12-16 20:36:02.083426 (46145) lic__man INFO    Unclaim everything for 'session_0'.
2025-12-16 20:36:02.651591 (46145) lic__man INFO    Unclaim everything for 'session_0'.
2025-12-16 20:36:04.619744 (46145) lic__man INFO    Claim 'fpv' for 'session_0'.
2025-12-16 20:36:04.619776 (46145) lic__man INFO    Claim 'fpv' for 'session_0/prove-0'.
2025-12-16 20:36:05.344517 (46145) lic__man INFO    Unclaim everything for 'session_0/prove-0'.
2025-12-16 20:36:06.343380 (46145) lic__man INFO    Claim 'fpv' for 'session_0'.
2025-12-16 20:38:56.401603 (46145) main____ INFO    Releasing console memory by request of analysis session 'session_0'.
2025-12-16 20:38:56.401654 (46145) lic__man INFO    Unclaim everything for 'session_0'.
2025-12-16 20:38:56.989214 (46145) lic__man INFO    Unclaim everything for 'session_0'.
2025-12-16 20:38:58.643267 (46145) lic__man INFO    Claim 'fpv' for 'session_0'.
2025-12-16 20:38:58.643298 (46145) lic__man INFO    Claim 'fpv' for 'session_0/prove-0'.
2025-12-16 20:38:59.395208 (46145) lic__man INFO    Unclaim everything for 'session_0/prove-0'.
2025-12-16 20:39:00.031836 (46145) lic__man INFO    Claim 'fpv' for 'session_0'.
2025-12-16 20:41:53.517443 (46145) main____ INFO    Releasing console memory by request of analysis session 'session_0'.
2025-12-16 20:41:53.520391 (46145) lic__man INFO    Unclaim everything for 'session_0'.
2025-12-16 20:42:06.681397 (46145) main____ INFO    Releasing console memory by request of analysis session 'session_0'.
2025-12-16 20:42:06.681520 (46145) lic__man INFO    Unclaim everything for 'session_0'.
2025-12-16 20:42:16.246753 (46145) main____ INFO    Releasing console memory by request of analysis session 'session_0'.
2025-12-16 20:42:16.246858 (46145) lic__man INFO    Unclaim everything for 'session_0'.
2025-12-16 20:42:16.887401 (46145) lic__man INFO    Unclaim everything for 'session_0'.
2025-12-16 20:42:18.845663 (46145) lic__man INFO    Claim 'fpv' for 'session_0'.
2025-12-16 20:42:18.845693 (46145) lic__man INFO    Claim 'fpv' for 'session_0/prove-0'.
2025-12-16 20:42:19.568996 (46145) lic__man INFO    Unclaim everything for 'session_0/prove-0'.
2025-12-16 20:44:16.748784 (46145) main____ INFO    Releasing console memory by request of analysis session 'session_0'.
2025-12-16 20:44:16.748844 (46145) lic__man INFO    Unclaim everything for 'session_0'.
2025-12-16 20:44:17.339791 (46145) lic__man INFO    Unclaim everything for 'session_0'.
2025-12-16 20:44:19.167451 (46145) lic__man INFO    Claim 'fpv' for 'session_0'.
2025-12-16 20:44:19.167470 (46145) lic__man INFO    Claim 'fpv' for 'session_0/prove-0'.
2025-12-16 20:44:19.845581 (46145) lic__man INFO    Unclaim everything for 'session_0/prove-0'.
2025-12-16 20:44:23.783955 (46145) lic__man INFO    Claim 'fpv' for 'session_0'.
2025-12-16 20:48:03.163696 (46145) main____ INFO    Releasing console memory by request of analysis session 'session_0'.
2025-12-16 20:48:03.163790 (46145) lic__man INFO    Unclaim everything for 'session_0'.
2025-12-16 20:48:03.742350 (46145) lic__man INFO    Unclaim everything for 'session_0'.
2025-12-16 20:48:05.157589 (46145) lic__man INFO    Claim 'fpv' for 'session_0'.
2025-12-16 20:48:05.157613 (46145) lic__man INFO    Claim 'fpv' for 'session_0/prove-0'.
2025-12-16 20:48:05.850589 (46145) lic__man INFO    Unclaim everything for 'session_0/prove-0'.
2025-12-16 20:48:06.640481 (46145) lic__man INFO    Claim 'fpv' for 'session_0'.
2025-12-16 20:56:41.943043 (46145) lic__man INFO    Entering idle state.
2025-12-16 21:18:07.643018 (46145) lic__man INFO    Leaving idle state.
2025-12-16 21:18:07.934170 (46145) main____ INFO    Releasing console memory by request of analysis session 'session_0'.
2025-12-16 21:18:07.934234 (46145) lic__man INFO    Unclaim everything for 'session_0'.
2025-12-16 21:18:32.598006 (46145) main____ INFO    Releasing console memory by request of analysis session 'session_0'.
2025-12-16 21:18:32.602548 (46145) lic__man INFO    Unclaim everything for 'session_0'.
2025-12-16 21:18:57.539999 (46145) main____ INFO    Releasing console memory by request of analysis session 'session_0'.
2025-12-16 21:18:57.540079 (46145) lic__man INFO    Unclaim everything for 'session_0'.
2025-12-16 21:18:58.140311 (46145) lic__man INFO    Unclaim everything for 'session_0'.
2025-12-16 21:19:00.265593 (46145) lic__man INFO    Claim 'fpv' for 'session_0'.
2025-12-16 21:19:00.265618 (46145) lic__man INFO    Claim 'fpv' for 'session_0/prove-0'.
2025-12-16 21:19:00.982325 (46145) lic__man INFO    Unclaim everything for 'session_0/prove-0'.
2025-12-16 21:20:01.822291 (46145) main____ INFO    Releasing console memory by request of analysis session 'session_0'.
2025-12-16 21:20:01.822375 (46145) lic__man INFO    Unclaim everything for 'session_0'.
2025-12-16 21:20:02.413345 (46145) lic__man INFO    Unclaim everything for 'session_0'.
2025-12-16 21:20:03.864930 (46145) lic__man INFO    Claim 'fpv' for 'session_0'.
2025-12-16 21:20:03.864961 (46145) lic__man INFO    Claim 'fpv' for 'session_0/prove-0'.
2025-12-16 21:20:04.568147 (46145) lic__man INFO    Unclaim everything for 'session_0/prove-0'.
2025-12-16 21:21:14.271766 (46145) main____ INFO    Releasing console memory by request of analysis session 'session_0'.
2025-12-16 21:21:14.271901 (46145) lic__man INFO    Unclaim everything for 'session_0'.
2025-12-16 21:21:14.841625 (46145) lic__man INFO    Unclaim everything for 'session_0'.
2025-12-16 21:21:16.475104 (46145) lic__man INFO    Claim 'fpv' for 'session_0'.
2025-12-16 21:21:16.475139 (46145) lic__man INFO    Claim 'fpv' for 'session_0/prove-0'.
2025-12-16 21:21:17.191234 (46145) lic__man INFO    Unclaim everything for 'session_0/prove-0'.
2025-12-16 21:21:37.755307 (46145) main____ INFO    Releasing console memory by request of analysis session 'session_0'.
2025-12-16 21:21:37.760145 (46145) lic__man INFO    Unclaim everything for 'session_0'.
2025-12-16 21:21:38.346638 (46145) lic__man INFO    Unclaim everything for 'session_0'.
2025-12-16 21:21:40.068125 (46145) lic__man INFO    Claim 'fpv' for 'session_0'.
2025-12-16 21:21:40.068168 (46145) lic__man INFO    Claim 'fpv' for 'session_0/prove-0'.
2025-12-16 21:21:40.811519 (46145) lic__man INFO    Unclaim everything for 'session_0/prove-0'.
2025-12-16 21:21:58.878039 (46145) main____ INFO    Releasing console memory by request of analysis session 'session_0'.
2025-12-16 21:21:58.878153 (46145) lic__man INFO    Unclaim everything for 'session_0'.
2025-12-16 21:21:59.441352 (46145) lic__man INFO    Unclaim everything for 'session_0'.
2025-12-16 21:22:00.658888 (46145) lic__man INFO    Claim 'fpv' for 'session_0'.
2025-12-16 21:22:00.658918 (46145) lic__man INFO    Claim 'fpv' for 'session_0/prove-0'.
2025-12-16 21:22:01.346036 (46145) lic__man INFO    Unclaim everything for 'session_0/prove-0'.
2025-12-16 21:22:10.196733 (46145) lic__man INFO    Claim 'fpv' for 'session_0'.
2025-12-16 21:30:16.945036 (46145) lic__man INFO    Entering idle state.
2025-12-16 21:31:40.214353 (46145) lic__man INFO    Leaving idle state.
2025-12-16 21:31:40.518640 (46145) main____ INFO    Releasing console memory by request of analysis session 'session_0'.
2025-12-16 21:31:40.518704 (46145) lic__man INFO    Unclaim everything for 'session_0'.
2025-12-16 21:31:57.133547 (46145) main____ INFO    Releasing console memory by request of analysis session 'session_0'.
2025-12-16 21:31:57.134104 (46145) lic__man INFO    Unclaim everything for 'session_0'.
2025-12-16 21:31:57.754915 (46145) lic__man INFO    Unclaim everything for 'session_0'.
2025-12-16 21:31:59.548538 (46145) lic__man INFO    Claim 'fpv' for 'session_0'.
2025-12-16 21:31:59.548568 (46145) lic__man INFO    Claim 'fpv' for 'session_0/prove-0'.
2025-12-16 21:32:00.251105 (46145) lic__man INFO    Unclaim everything for 'session_0/prove-0'.
2025-12-16 21:32:07.369659 (46145) lic__man INFO    Claim 'fpv' for 'session_0'.
2025-12-16 21:35:08.829238 (46145) main____ INFO    Releasing console memory by request of analysis session 'session_0'.
2025-12-16 21:35:08.829320 (46145) lic__man INFO    Unclaim everything for 'session_0'.
2025-12-16 21:35:09.406434 (46145) lic__man INFO    Unclaim everything for 'session_0'.
2025-12-16 21:35:11.199889 (46145) lic__man INFO    Claim 'fpv' for 'session_0'.
2025-12-16 21:35:11.199922 (46145) lic__man INFO    Claim 'fpv' for 'session_0/prove-0'.
2025-12-16 21:35:11.938234 (46145) lic__man INFO    Unclaim everything for 'session_0/prove-0'.
2025-12-16 21:35:15.430249 (46145) lic__man INFO    Claim 'fpv' for 'session_0'.
2025-12-16 21:38:24.825694 (46145) main____ INFO    Releasing console memory by request of analysis session 'session_0'.
2025-12-16 21:38:24.829001 (46145) lic__man INFO    Unclaim everything for 'session_0'.
2025-12-16 21:38:25.406238 (46145) lic__man INFO    Unclaim everything for 'session_0'.
2025-12-16 21:38:26.614239 (46145) lic__man INFO    Claim 'fpv' for 'session_0'.
2025-12-16 21:38:26.614269 (46145) lic__man INFO    Claim 'fpv' for 'session_0/prove-0'.
2025-12-16 21:38:27.303439 (46145) lic__man INFO    Unclaim everything for 'session_0/prove-0'.
2025-12-16 21:41:12.418034 (46145) main____ INFO    Releasing console memory by request of analysis session 'session_0'.
2025-12-16 21:41:12.423888 (46145) lic__man INFO    Unclaim everything for 'session_0'.
2025-12-16 21:41:12.999265 (46145) lic__man INFO    Unclaim everything for 'session_0'.
2025-12-16 21:41:14.723534 (46145) lic__man INFO    Claim 'fpv' for 'session_0'.
2025-12-16 21:41:14.723560 (46145) lic__man INFO    Claim 'fpv' for 'session_0/prove-0'.
2025-12-16 21:41:15.447532 (46145) lic__man INFO    Unclaim everything for 'session_0/prove-0'.
2025-12-16 21:41:17.589441 (46145) lic__man INFO    Claim 'fpv' for 'session_0'.
2025-12-16 21:50:26.942035 (46145) lic__man INFO    Entering idle state.
2025-12-16 21:52:26.259738 (46145) lic__man INFO    Leaving idle state.
2025-12-16 21:52:26.605489 (46145) main____ INFO    Releasing console memory by request of analysis session 'session_0'.
2025-12-16 21:52:26.606922 (46145) lic__man INFO    Unclaim everything for 'session_0'.
2025-12-16 21:52:27.188279 (46145) lic__man INFO    Unclaim everything for 'session_0'.
2025-12-16 21:52:29.082289 (46145) lic__man INFO    Claim 'fpv' for 'session_0'.
2025-12-16 21:52:29.082326 (46145) lic__man INFO    Claim 'fpv' for 'session_0/prove-0'.
2025-12-16 21:52:29.819535 (46145) lic__man INFO    Unclaim everything for 'session_0/prove-0'.
2025-12-16 21:52:37.431382 (46145) main____ INFO    Releasing console memory by request of analysis session 'session_0'.
2025-12-16 21:52:37.431479 (46145) lic__man INFO    Unclaim everything for 'session_0'.
2025-12-16 21:52:38.034721 (46145) lic__man INFO    Unclaim everything for 'session_0'.
2025-12-16 21:52:39.200968 (46145) lic__man INFO    Claim 'fpv' for 'session_0'.
2025-12-16 21:52:39.200998 (46145) lic__man INFO    Claim 'fpv' for 'session_0/prove-0'.
2025-12-16 21:52:39.886033 (46145) lic__man INFO    Unclaim everything for 'session_0/prove-0'.
2025-12-16 21:56:37.965791 (46145) lic__man INFO    Claim 'fpv' for 'session_0'.
2025-12-16 22:04:51.945860 (46145) lic__man INFO    Entering idle state.
2025-12-16 22:16:06.218296 (46145) lic__man INFO    Leaving idle state.
2025-12-16 22:16:06.533671 (46145) main____ INFO    Releasing console memory by request of analysis session 'session_0'.
2025-12-16 22:16:06.536676 (46145) lic__man INFO    Unclaim everything for 'session_0'.
2025-12-16 22:16:37.370558 (46145) main____ INFO    Releasing console memory by request of analysis session 'session_0'.
2025-12-16 22:16:37.370637 (46145) lic__man INFO    Unclaim everything for 'session_0'.
2025-12-16 22:16:37.998488 (46145) lic__man INFO    Unclaim everything for 'session_0'.
2025-12-16 22:16:39.604028 (46145) lic__man INFO    Claim 'fpv' for 'session_0'.
2025-12-16 22:16:39.604056 (46145) lic__man INFO    Claim 'fpv' for 'session_0/prove-0'.
2025-12-16 22:16:40.346485 (46145) lic__man INFO    Unclaim everything for 'session_0/prove-0'.
2025-12-16 22:16:42.590624 (46145) lic__man INFO    Claim 'fpv' for 'session_0'.
2025-12-16 22:19:07.280805 (46145) main____ INFO    Releasing console memory by request of analysis session 'session_0'.
2025-12-16 22:19:07.280944 (46145) lic__man INFO    Unclaim everything for 'session_0'.
2025-12-16 22:19:07.857532 (46145) lic__man INFO    Unclaim everything for 'session_0'.
2025-12-16 22:19:09.407516 (46145) lic__man INFO    Claim 'fpv' for 'session_0'.
2025-12-16 22:19:09.407559 (46145) lic__man INFO    Claim 'fpv' for 'session_0/prove-0'.
2025-12-16 22:19:10.151901 (46145) lic__man INFO    Unclaim everything for 'session_0/prove-0'.
2025-12-16 22:19:12.299477 (46145) lic__man INFO    Claim 'fpv' for 'session_0'.
2025-12-16 22:19:38.702107 (46145) lic__man INFO    Claim 'fpv' for 'session_0'.
2025-12-16 22:19:38.702145 (46145) lic__man INFO    Claim 'fpv' for 'session_0/prove-1'.
2025-12-16 22:19:39.000532 (46145) lic__man INFO    Unclaim everything for 'session_0/prove-1'.
2025-12-16 22:21:27.335351 (46145) main____ INFO    Releasing console memory by request of analysis session 'session_0'.
2025-12-16 22:21:27.338496 (46145) lic__man INFO    Unclaim everything for 'session_0'.
2025-12-16 22:21:27.922252 (46145) lic__man INFO    Unclaim everything for 'session_0'.
2025-12-16 22:21:30.373880 (46145) lic__man INFO    Claim 'fpv' for 'session_0'.
2025-12-16 22:21:30.373902 (46145) lic__man INFO    Claim 'fpv' for 'session_0/prove-0'.
2025-12-16 22:21:31.116030 (46145) lic__man INFO    Unclaim everything for 'session_0/prove-0'.
2025-12-16 22:21:32.485400 (46145) lic__man INFO    Claim 'fpv' for 'session_0'.
2025-12-16 22:22:16.095012 (46145) main____ INFO    Releasing console memory by request of analysis session 'session_0'.
2025-12-16 22:22:16.096449 (46145) lic__man INFO    Unclaim everything for 'session_0'.
2025-12-16 22:22:16.677367 (46145) lic__man INFO    Unclaim everything for 'session_0'.
2025-12-16 22:22:18.200045 (46145) lic__man INFO    Claim 'fpv' for 'session_0'.
2025-12-16 22:22:18.200068 (46145) lic__man INFO    Claim 'fpv' for 'session_0/prove-0'.
2025-12-16 22:22:18.888211 (46145) lic__man INFO    Unclaim everything for 'session_0/prove-0'.
2025-12-16 22:22:26.252536 (46145) lic__man INFO    Claim 'fpv' for 'session_0'.
2025-12-16 22:23:20.524150 (46145) main____ INFO    Releasing console memory by request of analysis session 'session_0'.
2025-12-16 22:23:20.524197 (46145) lic__man INFO    Unclaim everything for 'session_0'.
2025-12-16 22:23:21.112860 (46145) lic__man INFO    Unclaim everything for 'session_0'.
2025-12-16 22:23:22.294032 (46145) lic__man INFO    Claim 'fpv' for 'session_0'.
2025-12-16 22:23:22.294061 (46145) lic__man INFO    Claim 'fpv' for 'session_0/prove-0'.
2025-12-16 22:23:22.981195 (46145) lic__man INFO    Unclaim everything for 'session_0/prove-0'.
2025-12-16 22:23:26.273949 (46145) lic__man INFO    Claim 'fpv' for 'session_0'.
2025-12-16 22:23:59.074342 (46145) main____ INFO    Releasing console memory by request of analysis session 'session_0'.
2025-12-16 22:23:59.074514 (46145) lic__man INFO    Unclaim everything for 'session_0'.
2025-12-16 22:23:59.645096 (46145) lic__man INFO    Unclaim everything for 'session_0'.
2025-12-16 22:24:00.729607 (46145) lic__man INFO    Claim 'fpv' for 'session_0'.
2025-12-16 22:24:00.729640 (46145) lic__man INFO    Claim 'fpv' for 'session_0/prove-0'.
2025-12-16 22:24:01.440247 (46145) lic__man INFO    Unclaim everything for 'session_0/prove-0'.
2025-12-16 22:24:03.412230 (46145) lic__man INFO    Claim 'fpv' for 'session_0'.
2025-12-16 22:25:29.886525 (46145) main____ INFO    Releasing console memory by request of analysis session 'session_0'.
2025-12-16 22:25:29.886606 (46145) lic__man INFO    Unclaim everything for 'session_0'.
2025-12-16 22:25:30.463967 (46145) lic__man INFO    Unclaim everything for 'session_0'.
2025-12-16 22:25:31.803238 (46145) lic__man INFO    Claim 'fpv' for 'session_0'.
2025-12-16 22:25:31.803260 (46145) lic__man INFO    Claim 'fpv' for 'session_0/prove-0'.
2025-12-16 22:25:32.490834 (46145) lic__man INFO    Unclaim everything for 'session_0/prove-0'.
2025-12-16 22:27:25.978506 (46145) main____ INFO    Releasing console memory by request of analysis session 'session_0'.
2025-12-16 22:27:25.978554 (46145) lic__man INFO    Unclaim everything for 'session_0'.
2025-12-16 22:27:26.569991 (46145) lic__man INFO    Unclaim everything for 'session_0'.
2025-12-16 22:27:27.696796 (46145) lic__man INFO    Claim 'fpv' for 'session_0'.
2025-12-16 22:27:27.696825 (46145) lic__man INFO    Claim 'fpv' for 'session_0/prove-0'.
2025-12-16 22:27:28.398032 (46145) lic__man INFO    Unclaim everything for 'session_0/prove-0'.
2025-12-16 22:27:53.939185 (46145) lic__man INFO    Claim 'fpv' for 'session_0'.
2025-12-16 22:36:01.942004 (46145) lic__man INFO    Entering idle state.
2025-12-17 00:00:01.478242 (46145) lic__man INFO    Leaving idle state.
2025-12-17 00:00:01.717687 (46145) main____ INFO    Releasing console memory by request of analysis session 'session_0'.
2025-12-17 00:00:01.717832 (46145) lic__man INFO    Unclaim everything for 'session_0'.
2025-12-17 00:00:02.293005 (46145) lic__man INFO    Unclaim everything for 'session_0'.
2025-12-17 00:00:48.975264 (46145) lic__man INFO    Claim 'fpv' for 'session_0'.
2025-12-17 00:00:48.975297 (46145) lic__man INFO    Claim 'fpv' for 'session_0/prove-0'.
2025-12-17 00:00:49.733953 (46145) lic__man INFO    Unclaim everything for 'session_0/prove-0'.
2025-12-17 00:00:52.103689 (46145) lic__man INFO    Claim 'fpv' for 'session_0'.
2025-12-17 00:03:49.185558 (46145) main____ INFO    Releasing console memory by request of analysis session 'session_0'.
2025-12-17 00:03:49.185607 (46145) lic__man INFO    Unclaim everything for 'session_0'.
2025-12-17 00:03:49.764837 (46145) lic__man INFO    Unclaim everything for 'session_0'.
2025-12-17 00:03:52.068168 (46145) lic__man INFO    Claim 'fpv' for 'session_0'.
2025-12-17 00:03:52.068199 (46145) lic__man INFO    Claim 'fpv' for 'session_0/prove-0'.
2025-12-17 00:03:52.820850 (46145) lic__man INFO    Unclaim everything for 'session_0/prove-0'.
2025-12-17 00:03:54.568547 (46145) lic__man INFO    Claim 'fpv' for 'session_0'.
2025-12-17 00:06:11.419757 (46145) main____ INFO    Releasing console memory by request of analysis session 'session_0'.
2025-12-17 00:06:11.424374 (46145) lic__man INFO    Unclaim everything for 'session_0'.
2025-12-17 00:06:12.014972 (46145) lic__man INFO    Unclaim everything for 'session_0'.
2025-12-17 00:06:14.433203 (46145) lic__man INFO    Claim 'fpv' for 'session_0'.
2025-12-17 00:06:14.433238 (46145) lic__man INFO    Claim 'fpv' for 'session_0/prove-0'.
2025-12-17 00:06:15.161061 (46145) lic__man INFO    Unclaim everything for 'session_0/prove-0'.
2025-12-17 00:06:16.635596 (46145) lic__man INFO    Claim 'fpv' for 'session_0'.
2025-12-17 00:14:31.945032 (46145) lic__man INFO    Entering idle state.
2025-12-17 00:41:52.032129 (46145) lic__man INFO    Leaving idle state.
2025-12-17 00:41:52.381831 (46145) main____ INFO    Releasing console memory by request of analysis session 'session_0'.
2025-12-17 00:41:52.381880 (46145) lic__man INFO    Unclaim everything for 'session_0'.
2025-12-17 00:42:17.268092 (46145) main____ INFO    Releasing console memory by request of analysis session 'session_0'.
2025-12-17 00:42:17.268196 (46145) lic__man INFO    Unclaim everything for 'session_0'.
2025-12-17 00:42:17.865619 (46145) lic__man INFO    Unclaim everything for 'session_0'.
2025-12-17 00:42:19.626652 (46145) lic__man INFO    Claim 'fpv' for 'session_0'.
2025-12-17 00:42:19.626683 (46145) lic__man INFO    Claim 'fpv' for 'session_0/prove-0'.
2025-12-17 00:42:20.357577 (46145) lic__man INFO    Unclaim everything for 'session_0/prove-0'.
2025-12-17 00:42:26.373759 (46145) lic__man INFO    Claim 'fpv' for 'session_0'.
2025-12-17 00:44:59.919076 (46145) main____ INFO    Releasing console memory by request of analysis session 'session_0'.
2025-12-17 00:44:59.919123 (46145) lic__man INFO    Unclaim everything for 'session_0'.
2025-12-17 00:45:00.494573 (46145) lic__man INFO    Unclaim everything for 'session_0'.
2025-12-17 00:45:03.137854 (46145) lic__man INFO    Claim 'fpv' for 'session_0'.
2025-12-17 00:45:03.137900 (46145) lic__man INFO    Claim 'fpv' for 'session_0/prove-0'.
2025-12-17 00:45:03.865223 (46145) lic__man INFO    Unclaim everything for 'session_0/prove-0'.
2025-12-17 00:45:05.251290 (46145) lic__man INFO    Claim 'fpv' for 'session_0'.
2025-12-17 00:50:49.247933 (46145) main____ INFO    Releasing console memory by request of analysis session 'session_0'.
2025-12-17 00:50:49.247981 (46145) lic__man INFO    Unclaim everything for 'session_0'.
2025-12-17 00:50:49.823673 (46145) lic__man INFO    Unclaim everything for 'session_0'.
2025-12-17 00:52:06.355278 (46145) lic__man INFO    Claim 'fpv' for 'session_0'.
2025-12-17 00:52:06.355305 (46145) lic__man INFO    Claim 'fpv' for 'session_0/prove-0'.
2025-12-17 00:52:07.121240 (46145) lic__man INFO    Unclaim everything for 'session_0/prove-0'.
2025-12-17 00:52:09.929646 (46145) lic__man INFO    Claim 'fpv' for 'session_0'.
2025-12-17 00:53:10.879641 (46145) main____ INFO    Releasing console memory by request of analysis session 'session_0'.
2025-12-17 00:53:10.882428 (46145) lic__man INFO    Unclaim everything for 'session_0'.
2025-12-17 00:53:11.510720 (46145) lic__man INFO    Unclaim everything for 'session_0'.
2025-12-17 00:53:37.636210 (46145) lic__man INFO    Claim 'fpv' for 'session_0'.
2025-12-17 00:53:37.636241 (46145) lic__man INFO    Claim 'fpv' for 'session_0/prove-0'.
2025-12-17 00:53:38.366169 (46145) lic__man INFO    Unclaim everything for 'session_0/prove-0'.
2025-12-17 00:53:39.848159 (46145) lic__man INFO    Claim 'fpv' for 'session_0'.
