# ----------------------------------------
# Jasper Version Info
# tool      : Jasper 2024.03
# platform  : Linux 6.17.9-arch1-1
# version   : 2024.03 FCS 64 bits
# build date: 2024.03.27 15:42:27 UTC
# ----------------------------------------
# started   : 2025-12-16 00:47:09 CET
# hostname  : mashina.(none)
# pid       : 1833228
# arguments : '-label' 'session_0' '-console' '//127.0.0.1:34045' '-style' 'windows' '-data' 'AAABBHicY2RgYLCp////PwMYMFcBCTYGfwY3IIQDxgdQhg0jAyoA8ZlQRQIbUGgGBlaYZpgSZiDWYtBlSGTIAcJ8hnKGeIZShjyGYiBZAIT5DEUMJQypDClAcX+GYDJU50D5iQwVDJlAOg2sKhdsRjxQdTKDHpjMAbsHAIWPIeY=' '-proj' '/ssd1/workspace/axi_led/formal/tc/jgproject/sessionLogs/session_0' '-init' '-hidden' '/ssd1/workspace/axi_led/formal/tc/jgproject/.tmp/.initCmds.tcl' 'led_axi_formal_tc.tcl'

Any disclosure about the Cadence Design Systems software or its use
model to any third party violates the written Non-Disclosure Agreement
between Cadence Design Systems, Inc. and the customer.

THIS SOFTWARE CONTAINS CONFIDENTIAL INFORMATION AND TRADE SECRETS OF
CADENCE DESIGN SYSTEMS, INC. USE, DISCLOSURE, OR REPRODUCTION IS
PROHIBITED WITHOUT THE PRIOR EXPRESS WRITTEN PERMISSION OF CADENCE
DESIGN SYSTEMS, INC.

Copyright (C) 2000-2024 Cadence Design Systems, Inc. All Rights
Reserved.  Unpublished -- rights reserved under the copyright laws of
the United States.

This product includes software developed by others and redistributed
according to license agreement. See doc/third_party_readme.txt for
further details.

RESTRICTED RIGHTS LEGEND

Use, duplication, or disclosure by the Government is subject to
restrictions as set forth in subparagraph (c) (1) (ii) of the Rights in
Technical Data and Computer Software clause at DFARS 252.227-7013 or
subparagraphs (c) (1) and (2) of Commercial Computer Software -- Restricted
Rights at 48 CFR 52.227-19, as applicable.


                          Cadence Design Systems, Inc.
                          2655 Seely Avenue
                          San Jose, CA 95134
                          Phone: 408.943.1234

For technical assistance visit http://support.cadence.com.

Jasper Apps Analysis Session - /ssd1/workspace/axi_led/formal/tc/jgproject/sessionLogs/session_0

WARNING (WG017): [session]: The system's locale is "ANSI_X3.4-1968", which is not UTF-8. Non-ASCII characters might not be handled correctly.
WARNING (WG017): [jg_console]: The system's locale is "ANSI_X3.4-1968", which is not UTF-8. Non-ASCII characters might not be handled correctly.
INFO: successfully checked out licenses "jasper_interactive" and "jasper_fpv".
INFO: reading configuration file "/home/hrvoje/.config/cadence/jasper.conf".
% clear -all
INFO (IPF121): Cleared environment completely for new design analysis.
% analyze -sv12 ../src/led_axi_formal_tb.sv ../../rtl/led_axi.sv
[-- (VERI-1482)] Analyzing Verilog file '/ssd1/eda/cadence/jasper_2024.03/lib/verilog/packages/std/std.sv' into library 'std'
[-- (VERI-1482)] Analyzing Verilog file '../src/led_axi_formal_tb.sv'
[-- (VERI-1482)] Analyzing Verilog file '../../rtl/led_axi.sv'
% elaborate -top led_axi_formal_tb
INFO (ISW003): Top module name is "led_axi_formal_tb".
[INFO (HIER-8002)] ../src/led_axi_formal_tb.sv(119): Disabling old hierarchical reference handler
[INFO (VERI-1018)] ../../rtl/led_axi.sv(12): compiling module 'led_axi:(LED_NBR_p=32)'
[INFO (VERI-8005)] ../../rtl/led_axi.sv(45): Unintentional sequential element inferred for s_axi_rresp read before write using blocking assignment
[INFO (VERI-1018)] ../src/led_axi_formal_tb.sv(1): compiling module 'led_axi_formal_tb'
INFO (INL208): Elaboration synthesis summary:
  Number of synthesized netlists          2 (0 packages)
  Single run mode                         On
  Pipeline                                On (2 pipelined netlists)
  Late hierarchical reference connection  On
  Number of analyzed Verilog modules      2 (2 synthesized)
  Number of analyzed VHDL entities        0 (0 synthesized)
INFO (INL003): Clearing all state information (assumes, stopats, and so forth).
led_axi_formal_tb
[<embedded>] % clock clk
[<embedded>] % reset !rst_n
INFO (IPM031): Clearing proof results of all properties.
INFO (IRS006): Current reset condition is "rst_n".
[<embedded>] % include led_axi_formal_tc.tcl
%% clear -all
INFO (IPF121): Cleared environment completely for new design analysis.
%% analyze -sv12 ../src/led_axi_formal_tb.sv ../../rtl/led_axi.sv
[-- (VERI-1482)] Analyzing Verilog file '/ssd1/eda/cadence/jasper_2024.03/lib/verilog/packages/std/std.sv' into library 'std'
[-- (VERI-1482)] Analyzing Verilog file '../src/led_axi_formal_tb.sv'
[-- (VERI-1482)] Analyzing Verilog file '../../rtl/led_axi.sv'
%% elaborate -top led_axi_formal_tb
INFO (ISW003): Top module name is "led_axi_formal_tb".
[INFO (HIER-8002)] ../src/led_axi_formal_tb.sv(119): Disabling old hierarchical reference handler
[INFO (VERI-1018)] ../../rtl/led_axi.sv(12): compiling module 'led_axi:(LED_NBR_p=32)'
[INFO (VERI-8005)] ../../rtl/led_axi.sv(45): Unintentional sequential element inferred for s_axi_rresp read before write using blocking assignment
[INFO (VERI-1018)] ../src/led_axi_formal_tb.sv(1): compiling module 'led_axi_formal_tb'
INFO (INL208): Elaboration synthesis summary:
  Number of synthesized netlists          2 (0 packages)
  Single run mode                         On
  Pipeline                                On (2 pipelined netlists)
  Late hierarchical reference connection  On
  Number of analyzed Verilog modules      2 (2 synthesized)
  Number of analyzed VHDL entities        0 (0 synthesized)
INFO (INL003): Clearing all state information (assumes, stopats, and so forth).
led_axi_formal_tb
%% clock clk
%% reset !rst_n
INFO (IPM031): Clearing proof results of all properties.
INFO (IRS006): Current reset condition is "rst_n".
led_axi_formal_tb
[<embedded>] % prove -bg -task {<embedded>}
Ncustom1: Custom engine code is hT3Ng7hPPfiYQOTDZ3qhYOwGAM51eA+J/FjkM5shLioAsqhgLR4Ft+O1BuKG6ilQ83B9tLXSl+CwjiTMAQA
Bcustom2: Custom engine code is hT3Nm7hPr1Vp3Di1Ra2USNIGL4JypRnLKLAdF6JAyuavO2JfGCiY9OZJhcAcOUnLx5xwNdhILGrAWX9s+z2WDkKwNR7tAfClBEjRFVQeq6DU54boFgEA
AMcustom3: Custom engine code is hT3Ng7hP/feYQOTDZ3qhYOwGAM51eA+J/FjkM5shLioAsqhgLR4Ft+O1BuKG6ilQ83B9tLXSmmqwm7g9AQA
Mpcustom4: Custom engine code is hT3NZbhP9fmY2AbBQnsjfOxn6c+6e6yL+/e8fZFmaQrnlgEA
background 0
INFO (IPF036): Starting proof on task: "<embedded>", 18 properties to prove with 0 already proven/unreachable
INFO (IRS029): Starting reset analysis: phase 1 of 4.
INFO (IRS030): Running reset analysis: phase 2 of 4.
INFO (IRS031): Running reset analysis: phase 3 of 4.
INFO (IRS020): Starting the reset analysis simulation with a limit of 100 iterations (phase 4 of 4).
INFO (IRS024): Reset iterations 0 to 4 analyzed.
INFO (IRS018): Reset analysis simulation executed for 3 iterations. Assigned values for 41 of 73 design flops, 0 of 0 design latches, 62 of 98 internal elements.
INFO (IRS039): Reset analysis complete.
INFO (IPF031): Settings used for proof thread 0:
    orchestration                 = on
    time_limit                    = 86400s
    per_property_time_limit       = 1s * 10 ^ scan
    engine_mode                   = auto
    proofgrid_per_engine_max_jobs = 1
    max engine jobs               = auto
    proofgrid_mode                = local
    proofgrid_restarts            = 10
0: Using multistage preprocessing
0: Starting reduce
0: Finished reduce in 0s
AMcustom5: Custom engine code is hT3N1rhP11/52HrFRS21ROp2LOjVTgPvT8L8BGXHgLhaIuqtT4nARFjUqrBL+7pLmaTOzBepZW/Jm8SSrHDybSQtoNiO3y43wk+dEoWlsZizu97Fih6O6lPVG/LpWP5SsUPwlGagLNa1FKEFvwVXyX7//8prySbvSxIHXr5er+z4RAEA
Ncustom6: Custom engine code is hT3OXrhPByJp3TrFSTLhUmMH4KVtJgmTCnNDF46yMXOKY48m4LS5nE7yBzFjA7kDuwO/GhGUpEPiky3p3wmPn3dJZHxFMsafSoObRzSC+tn7sEY0WbTdZ/FV4hL3MYH/b1CIUvXSWR4wqEoVLsmMOD4xIPT4lI1LO6ZCO7PnnWQuLwetnvKlrXx6wCW/A+x+enqslg1YPobi4wEF/EvbzOvcTYdJvl2s4H2yZg2b2ofAVN5WvhWk1HoBAA
0.0.PRE: Performing Proof Simplification...
ADcustom7: Custom engine code is hT3Nv7hPv1752HrFRa2kROx2f/ECJeZB2AZsLdlO8VwmIuqtT4nIDFXclhg+O+o+DMmQCekbheGk0kK28laA9gaOFDXsQp29J3X615HY1IPHJWd6FUFvCHjO+p1k652b5JJvZlShNpGlGSXAiQe/mEAj6tEBAA
Tricustom8: Custom engine code is hT3Nu7hPt1752DvFRa0kNDiyIV97VyejwM9C/jCLJjdPvusZONHY42VYUy0Q1ZotnhcVtNc56tJ5wbxv6V2+XpdsaSlHck5vfnbYjdwj1OECy9U+7oSQ0SZE3g5ayD+Phuh4odCJTjeKa2k4elM9ldQfkAEA
0.0.N: clocks: 1, declared: 1, looping: 0, posedge: 1, negedge: 0, noedge: 0, bothedge: 0
Gcustom9: Custom engine code is hT3NibhPDfeYQADBZnYcglOvK9Pfd7EOeniIqP8jNsyIqInncipMGcUXqAadachREE9F2PwhBUZUNw5kHnd4JdXkamORRgEA
C2custom10: Custom engine code is hT3NirhPjfWYQADBZnYcglOvK9Pfd7EOeniIqP8jNsyIqInncgkrYMMXCYbdK0dUjZIF9d4cJ0rHoBDjwVLBKuG86XYVV00BAA
AGcustom11: Custom engine code is hT3NirhP/fmYQADBZnYcglOvK9Pfd7EOeniIqP8jNsyIqInnckcwYMMXCYbdK0dUjZIF9d4cJ0rHoBDjwVLBKuHEZnZByh0BAA
Bcustom12: Custom engine code is hT3NjrhPDfiYQADBZnYcglOvK9PfWxFtenjIyBqfrgr7if/jL/yPOuK1BAflEcW0DxNH2eDIoezN2gxlQFg81RZtiWXh7aiTAidvAQA
Ncustom13: Custom engine code is hT3NR7hPByFp3TrFSTLhUmMH4KWtJglTyV/c51BHEeZWamnJv767nE6PCak26bd3gf3XGN3rIRheufhDieCJQVISo+gNYUKhiUedBKGtsP/a18svAnlMJZudHxDFwK5ufsyoxsIyiAeSY2oi3tEuoDHr5gw42DFKAG3PqO3CEsl8Azzdt3pl5nGA1Ifv2H02eYsFzWb/nfp8PMb3F0krE/EgBcm8TD9Div8BAA
Tricustom14: Custom engine code is hT3Nu7hP3fiYQADBZnYcglNHp9bfd7EOeniIqP/ji8sGLQu8yhsFO+wxJ+O+R0bU8g/IewXFomyos+viQnWc2xYNYmMqpo3i40O7DaZR7qfp4YqNx26KRvQ/qx0BAA
0.0.N: Proof Simplification Iteration 1	[0.00 s]
0.0.PRE: A trace with 1 cycles was found. [0.00 s]
INFO (IPF047): 0.0.PRE: The cover property "led_axi_formal_tb.assume_araddr_valid_ready_handshake:precondition1" was covered in 1 cycles in 0.00 s.
INFO (IPF047): 0.0.PRE: The cover property "led_axi_formal_tb.assume_awaddr_valid_ready_handshake:precondition1" was covered in 1 cycles in 0.00 s.
INFO (IPF047): 0.0.PRE: The cover property "led_axi_formal_tb.assume_wdata_valid_ready_handshake:precondition1" was covered in 1 cycles in 0.00 s.
INFO (IPF047): 0.0.PRE: The cover property "led_axi_formal_tb.assume_stable_awaddr:precondition1" was covered in 1 cycles in 0.00 s.
0.0.PRE: A proof was found: No trace exists. [0.00 s]
INFO (IPF057): 0.0.PRE: The property "led_axi_formal_tb.assert_rdata_valid_ready_handshake" was proven in 0.00 s.
0.0.PRE: A proof was found: No trace exists. [0.00 s]
INFO (IPF057): 0.0.PRE: The property "led_axi_formal_tb.assert_bresp_valid_ready_handshake" was proven in 0.00 s.
0.0.N: Proof Simplification Iteration 2	[0.05 s]
0.0.N: Proof Simplification Iteration 3	[0.05 s]
0.0.N: Proof Simplification Iteration 4	[0.05 s]
0.0.N: Proof Simplification Iteration 5	[0.05 s]
0.0.PRE: Proof Simplification completed in 0.05 s
0.0.N: Identified and disabled 3 duplicated targets.
0: About to start ProofGrid in its own thread with a limit of 10000 pending notifications and a limit of 10 traces.
0: =============================== ProofGrid start ===============================
0: ProofGrid usable level: 12
0: Initial ProofGrid level: 1
0: ProofGrid is starting event handling
0.0.N: mashina: "Arch Linux" is an unsupported operating system.
0.0.Hp: mashina: "Arch Linux" is an unsupported operating system.
0.0.N: Proofgrid shell started at 1833344@mashina(local) jg_1833228_mashina_1
0.0.N: clocks: 1, declared: 1, looping: 0, posedge: 1, negedge: 0, noedge: 0, bothedge: 0
0.0.N: Next scan (0) will use per property time limit: 1s * 10 ^ 0 = 1s
0.0.N: Starting proof for property "led_axi_formal_tb.assert_rdata_valid_ready_handshake:precondition1"	[0.00 s].
0.0.N: Trace Attempt  1	[0.00 s]
0.0.N: A max_length bound was found. The shortest trace is no longer than 8 cycles. [0.00 s]
INFO (IPF008): 0.0.N: A max_length bound of 8 was found for the property "led_axi_formal_tb.assert_rdata_valid_ready_handshake:precondition1" in 0.00 s.
0.0.N: Trace Attempt  2	[0.00 s]
0.0.N: Trace Attempt  2	[0.00 s]
0.0.Hp: Proofgrid shell started at 1833345@mashina(local) jg_1833228_mashina_1
0.0.Hp: clocks: 1, declared: 1, looping: 0, posedge: 1, negedge: 0, noedge: 0, bothedge: 0
0.0.N: A trace with 2 cycles was found. [0.00 s]
INFO (IPF047): 0.0.N: The cover property "led_axi_formal_tb.assert_rdata_valid_ready_handshake:precondition1" was covered in 2 cycles in 0.01 s.
0.0.N: Stopped processing property "led_axi_formal_tb.assert_rdata_valid_ready_handshake:precondition1"	[0.01 s].
0.0.Hp: Trace Attempt  1	[0.00 s]
0.0.Hp: Trace Attempt  2	[0.00 s]
0.0.N: Starting proof for property "led_axi_formal_tb.assert_bresp_valid_ready_handshake:precondition1"	[0.00 s].
0.0.N: Trace Attempt  1	[0.00 s]
0.0.N: A max_length bound was found. The shortest trace is no longer than 8 cycles. [0.00 s]
INFO (IPF008): 0.0.N: A max_length bound of 8 was found for the property "led_axi_formal_tb.assert_bresp_valid_ready_handshake:precondition1" in 0.00 s.
0.0.N: Trace Attempt  2	[0.00 s]
0.0.N: Trace Attempt  2	[0.00 s]
0.0.N: A trace with 2 cycles was found. [0.00 s]
INFO (IPF047): 0.0.N: The cover property "led_axi_formal_tb.assert_bresp_valid_ready_handshake:precondition1" was covered in 2 cycles in 0.00 s.
0.0.N: Stopped processing property "led_axi_formal_tb.assert_bresp_valid_ready_handshake:precondition1"	[0.01 s].
0.0.Hp: A trace with 2 cycles was found. [0.00 s]
INFO (IPF047): 0.0.Hp: The cover property "led_axi_formal_tb.assert_correct_data_7_0:precondition1" was covered in 2 cycles in 0.01 s.
INFO (IPF047): 0.0.Hp: The cover property "led_axi_formal_tb.assert_correct_data_15_8:precondition1" was covered in 2 cycles in 0.01 s.
INFO (IPF047): 0.0.Hp: The cover property "led_axi_formal_tb.assert_correct_data_23_16:precondition1" was covered in 2 cycles in 0.01 s.
INFO (IPF047): 0.0.Hp: The cover property "led_axi_formal_tb.assert_correct_data_31_24:precondition1" was covered in 2 cycles in 0.01 s.
0.0.Hp: A trace with 2 cycles was found. [0.00 s]
INFO (IPF047): 0.0.Hp: The cover property "led_axi_formal_tb.assert_bresp_okay:precondition1" was covered in 2 cycles in 0.01 s.
0.0.N: Starting proof for property "led_axi_formal_tb.assert_bresp_okay"	[0.00 s].
0.0.N: Trace Attempt  1	[0.00 s]
0.0.N: A max_length bound was found. The shortest trace is no longer than 512 cycles. [0.00 s]
INFO (IPF008): 0.0.N: A max_length bound of 512 was found for the property "led_axi_formal_tb.assert_bresp_okay" in 0.00 s.
0.0.Hp: Trace Attempt  3	[0.01 s]
0.0.N: Requesting engine job to stop
0.0.Hp: Requesting engine job to terminate
INFO (IPF144): 0: Initiating shutdown of proof [0.01 s]
0.0.Hp: A trace with 3 cycles was found. [0.01 s]
INFO (IPF055): 0.0.Hp: A counterexample (cex) with 3 cycles was found for the property "led_axi_formal_tb.assert_bresp_okay" in 0.01 s.
INFO (IPF055): 0.0.Hp: A counterexample (cex) with 3 cycles was found for the property "led_axi_formal_tb.assert_correct_data_7_0" in 0.01 s.
INFO (IPF055): 0.0.Hp: A counterexample (cex) with 3 cycles was found for the property "led_axi_formal_tb.assert_correct_data_15_8" in 0.01 s.
INFO (IPF055): 0.0.Hp: A counterexample (cex) with 3 cycles was found for the property "led_axi_formal_tb.assert_correct_data_23_16" in 0.01 s.
INFO (IPF055): 0.0.Hp: A counterexample (cex) with 3 cycles was found for the property "led_axi_formal_tb.assert_correct_data_31_24" in 0.01 s.
0.0.Hp: All properties determined. [0.01 s]
0.0.N: Trace Attempt  2	[0.00 s]
0.0.N: Stopped processing property "led_axi_formal_tb.assert_bresp_okay"	[0.00 s].
0.0.N: All properties determined. [0.00 s]
0.0.Hp: Exited with Success (@ 0.01 s)
0: ProofGrid usable level: 0
0.0.Oh: mashina: "Arch Linux" is an unsupported operating system.
0.0.N: Exited with Success (@ 0.27 s)
0.0.Oh: Proofgrid shell started at 1833377@mashina(local) jg_1833228_mashina_1
0.0.Oh: Requesting engine job to terminate
0.0.Oh: Preventing job from starting because proof is shutting down.
0.0.Oh: Requesting engine job to terminate
0.0.Oh: Interrupted. [0.00 s]
0.0.Oh: Exited with Success (@ 0.27 s)
0.0.Ht: mashina: "Arch Linux" is an unsupported operating system.
0.0.Mpcustom4: mashina: "Arch Linux" is an unsupported operating system.
0.0.B: mashina: "Arch Linux" is an unsupported operating system.
0.0.Ht: Proofgrid shell started at 1833357@mashina(local) jg_1833228_mashina_1
0.0.Ht: Requesting engine job to terminate
0.0.Ht: Preventing job from starting because proof is shutting down.
0.0.Ht: Requesting engine job to terminate
0.0.Ht: Interrupted. [0.00 s]
0.0.L: mashina: "Arch Linux" is an unsupported operating system.
0.0.Ht: Exited with Success (@ 0.38 s)
0.0.Mpcustom4: Proofgrid shell started at 1833376@mashina(local) jg_1833228_mashina_1
0.0.Mpcustom4: Requesting engine job to terminate
0.0.Mpcustom4: Preventing job from starting because proof is shutting down.
0.0.Mpcustom4: Requesting engine job to terminate
0.0.Mpcustom4: Interrupted. [0.00 s]
0.0.B: Proofgrid shell started at 1833379@mashina(local) jg_1833228_mashina_1
0.0.B: Requesting engine job to terminate
0.0.Mpcustom4: Exited with Success (@ 0.38 s)
0.0.B: Preventing job from starting because proof is shutting down.
0.0.B: Requesting engine job to terminate
0.0.B: Interrupted. [0.00 s]
0.0.B: Exited with Success (@ 0.39 s)
0.0.L: Proofgrid shell started at 1833378@mashina(local) jg_1833228_mashina_1
0.0.L: Requesting engine job to terminate
0.0.L: Preventing job from starting because proof is shutting down.
0.0.L: Requesting engine job to terminate
0.0.L: Interrupted. [0.00 s]
0.0.L: Exited with Success (@ 0.40 s)
0.0.Bm: mashina: "Arch Linux" is an unsupported operating system.
0.0.AM: mashina: "Arch Linux" is an unsupported operating system.
0.0.Bm: Proofgrid shell started at 1833372@mashina(local) jg_1833228_mashina_1
0.0.Bm: Requesting engine job to terminate
0.0.Bm: Preventing job from starting because proof is shutting down.
0.0.Bm: Requesting engine job to terminate
0.0.Bm: Interrupted. [0.00 s]
0.0.Bm: Exited with Success (@ 0.42 s)
0.0.AM: Proofgrid shell started at 1833380@mashina(local) jg_1833228_mashina_1
0.0.AM: Requesting engine job to terminate
0.0.AM: Preventing job from starting because proof is shutting down.
0.0.AM: Requesting engine job to terminate
0.0.AM: Interrupted. [0.00 s]
0.0.AM: Exited with Success (@ 0.43 s)
0: --------------------------------------------------------------
ProofGrid Summary (utilization 0.70 %)
--------------------------------------------------------------
     engines started                               :     9
     engine jobs started                           :     9

    Average time in state (seconds)
    ------------------------------------------------------
    Engine  Pending     Running        Dead    Utilization
    ------------------------------------------------------
      N        0.26        0.01        0.00        4.84 %
     Hp        0.26        0.01        0.00        3.41 %
     Ht        0.39        0.00        0.00        0.00 %
     Bm        0.43        0.00        0.00        0.00 %
    Mpcustom4        0.38        0.00        0.00        0.00 %
     Oh        0.27        0.00        0.00        0.00 %
      L        0.39        0.00        0.00        0.00 %
      B        0.38        0.00        0.00        0.00 %
     AM        0.43        0.00        0.00        0.00 %
    all        0.36        0.00        0.00        0.70 %

    Total time in state (seconds)
    -----------------------------------------
            Pending     Running        Dead  
    -----------------------------------------
               3.20        0.02        0.00

    Data read    : 10.67 kiB
    Data written : 1.64 kiB

0: All pending notifications were processed.
INFO (IPF059): 0: Completed proof on task: "<embedded>"

==============================================================
SUMMARY
==============================================================
           Properties Considered              : 18
                 assertions                   : 7
                  - proven                    : 2 (28.5714%)
                  - bounded_proven (user)     : 0 (0%)
                  - bounded_proven (auto)     : 0 (0%)
                  - marked_proven             : 0 (0%)
                  - cex                       : 5 (71.4286%)
                  - ar_cex                    : 0 (0%)
                  - undetermined              : 0 (0%)
                  - unknown                   : 0 (0%)
                  - error                     : 0 (0%)
                 covers                       : 11
                  - unreachable               : 0 (0%)
                  - bounded_unreachable (user): 0 (0%)
                  - covered                   : 11 (100%)
                  - ar_covered                : 0 (0%)
                  - undetermined              : 0 (0%)
                  - unknown                   : 0 (0%)
                  - error                     : 0 (0%)
[<embedded>] % visualize -violation -property <embedded>::led_axi_formal_tb.assert_bresp_okay -new_window
INFO (IVS015): Setting Visualize task to "<embedded>".
INFO (IVS008): Expanding analysis region to enable visualization of "<embedded>::led_axi_formal_tb.assert_bresp_okay".
cex
WARNING (WG013): Signal "SIGHUP" has been received from an unknown source (external to Jasper) in the analysis session.
    For message help, type "help -message WG013".
WARNING (WG010): Signal "SIGHUP" has been caught. The analysis session will exit.
    For message help, type "help -message WG010".
INFO: Waiting for proof threads to stop...
INFO: Proof threads stopped.
INFO (IPL018): The peak resident set memory use for this session was 0.413 GB.
